2019-04-30 14:46:22.865 [restartedMain] INFO  com.sdut.product.ProductApplication
                -Starting ProductApplication on DESKTOP-EFJ0B1L with PID 18856 (D:\product\target\classes started by pc in D:\product)
2019-04-30 14:46:22.875 [restartedMain] INFO  com.sdut.product.ProductApplication
                -No active profile set, falling back to default profiles: default
2019-04-30 14:46:22.909 [restartedMain] INFO  o.s.b.d.e.DevToolsPropertyDefaultsPostProcessor
                -Devtools property defaults active! Set 'spring.devtools.add-properties' to 'false' to disable
2019-04-30 14:46:22.909 [restartedMain] INFO  o.s.b.d.e.DevToolsPropertyDefaultsPostProcessor
                -For additional web related logging consider setting the 'logging.level.web' property to 'DEBUG'
2019-04-30 14:46:23.542 [restartedMain] INFO  o.s.d.r.c.RepositoryConfigurationDelegate
                -Multiple Spring Data modules found, entering strict repository configuration mode!
2019-04-30 14:46:23.544 [restartedMain] INFO  o.s.d.r.c.RepositoryConfigurationDelegate
                -Bootstrapping Spring Data repositories in DEFAULT mode.
2019-04-30 14:46:23.574 [restartedMain] INFO  o.s.d.r.c.RepositoryConfigurationDelegate
                -Finished Spring Data repository scanning in 20ms. Found 0 repository interfaces.
2019-04-30 14:46:23.792 [restartedMain] INFO  o.s.c.s.PostProcessorRegistrationDelegate$BeanPostProcessorChecker
                -Bean 'shiroConfiguration' of type [com.sdut.product.config.ShiroConfiguration$$EnhancerBySpringCGLIB$$bcf5a644] is not eligible for getting processed by all BeanPostProcessors (for example: not eligible for auto-proxying)
2019-04-30 14:46:24.229 [restartedMain] INFO  o.s.c.s.PostProcessorRegistrationDelegate$BeanPostProcessorChecker
                -Bean 'hashedCredentialsMatcher' of type [org.apache.shiro.authc.credential.HashedCredentialsMatcher] is not eligible for getting processed by all BeanPostProcessors (for example: not eligible for auto-proxying)
2019-04-30 14:46:24.257 [restartedMain] INFO  o.s.c.s.PostProcessorRegistrationDelegate$BeanPostProcessorChecker
                -Bean 'mybatis-org.mybatis.spring.boot.autoconfigure.MybatisProperties' of type [org.mybatis.spring.boot.autoconfigure.MybatisProperties] is not eligible for getting processed by all BeanPostProcessors (for example: not eligible for auto-proxying)
2019-04-30 14:46:24.263 [restartedMain] INFO  o.s.c.s.PostProcessorRegistrationDelegate$BeanPostProcessorChecker
                -Bean 'org.mybatis.spring.boot.autoconfigure.MybatisAutoConfiguration' of type [org.mybatis.spring.boot.autoconfigure.MybatisAutoConfiguration$$EnhancerBySpringCGLIB$$7d5de90e] is not eligible for getting processed by all BeanPostProcessors (for example: not eligible for auto-proxying)
2019-04-30 14:46:24.265 [restartedMain] INFO  o.s.c.s.PostProcessorRegistrationDelegate$BeanPostProcessorChecker
                -Bean 'org.springframework.boot.autoconfigure.jdbc.DataSourceConfiguration$Generic' of type [org.springframework.boot.autoconfigure.jdbc.DataSourceConfiguration$Generic] is not eligible for getting processed by all BeanPostProcessors (for example: not eligible for auto-proxying)
2019-04-30 14:46:24.276 [restartedMain] INFO  o.s.c.s.PostProcessorRegistrationDelegate$BeanPostProcessorChecker
                -Bean 'spring.datasource-org.springframework.boot.autoconfigure.jdbc.DataSourceProperties' of type [org.springframework.boot.autoconfigure.jdbc.DataSourceProperties] is not eligible for getting processed by all BeanPostProcessors (for example: not eligible for auto-proxying)
2019-04-30 14:46:24.302 [restartedMain] INFO  o.s.c.s.PostProcessorRegistrationDelegate$BeanPostProcessorChecker
                -Bean 'dataSource' of type [com.alibaba.druid.pool.DruidDataSource] is not eligible for getting processed by all BeanPostProcessors (for example: not eligible for auto-proxying)
2019-04-30 14:46:24.337 [restartedMain] INFO  o.s.c.s.PostProcessorRegistrationDelegate$BeanPostProcessorChecker
                -Bean 'sqlSessionFactory' of type [org.apache.ibatis.session.defaults.DefaultSqlSessionFactory] is not eligible for getting processed by all BeanPostProcessors (for example: not eligible for auto-proxying)
2019-04-30 14:46:24.341 [restartedMain] INFO  o.s.c.s.PostProcessorRegistrationDelegate$BeanPostProcessorChecker
                -Bean 'sqlSessionTemplate' of type [org.mybatis.spring.SqlSessionTemplate] is not eligible for getting processed by all BeanPostProcessors (for example: not eligible for auto-proxying)
2019-04-30 14:46:24.408 [restartedMain] INFO  o.s.c.s.PostProcessorRegistrationDelegate$BeanPostProcessorChecker
                -Bean 'loginMapper' of type [org.mybatis.spring.mapper.MapperFactoryBean] is not eligible for getting processed by all BeanPostProcessors (for example: not eligible for auto-proxying)
2019-04-30 14:46:24.410 [restartedMain] INFO  o.s.c.s.PostProcessorRegistrationDelegate$BeanPostProcessorChecker
                -Bean 'loginMapper' of type [com.sun.proxy.$Proxy62] is not eligible for getting processed by all BeanPostProcessors (for example: not eligible for auto-proxying)
2019-04-30 14:46:24.411 [restartedMain] INFO  o.s.c.s.PostProcessorRegistrationDelegate$BeanPostProcessorChecker
                -Bean 'loginServiceImpl' of type [com.sdut.product.service.impl.LoginServiceImpl] is not eligible for getting processed by all BeanPostProcessors (for example: not eligible for auto-proxying)
2019-04-30 14:46:24.411 [restartedMain] INFO  o.s.c.s.PostProcessorRegistrationDelegate$BeanPostProcessorChecker
                -Bean 'myShiroRealm' of type [com.sdut.product.realm.UserRealm] is not eligible for getting processed by all BeanPostProcessors (for example: not eligible for auto-proxying)
2019-04-30 14:46:24.413 [restartedMain] INFO  o.s.c.s.PostProcessorRegistrationDelegate$BeanPostProcessorChecker
                -Bean 'rememberMeCookie' of type [org.apache.shiro.web.servlet.SimpleCookie] is not eligible for getting processed by all BeanPostProcessors (for example: not eligible for auto-proxying)
2019-04-30 14:46:24.415 [restartedMain] INFO  o.s.c.s.PostProcessorRegistrationDelegate$BeanPostProcessorChecker
                -Bean 'rememberMeManager' of type [org.apache.shiro.web.mgt.CookieRememberMeManager] is not eligible for getting processed by all BeanPostProcessors (for example: not eligible for auto-proxying)
2019-04-30 14:46:24.419 [restartedMain] INFO  o.s.c.s.PostProcessorRegistrationDelegate$BeanPostProcessorChecker
                -Bean 'sessionManager' of type [com.sdut.product.config.ShiroConfiguration$MySessionManager] is not eligible for getting processed by all BeanPostProcessors (for example: not eligible for auto-proxying)
2019-04-30 14:46:24.421 [restartedMain] INFO  o.s.c.s.PostProcessorRegistrationDelegate$BeanPostProcessorChecker
                -Bean 'securityManager' of type [org.apache.shiro.web.mgt.DefaultWebSecurityManager] is not eligible for getting processed by all BeanPostProcessors (for example: not eligible for auto-proxying)
2019-04-30 14:46:24.444 [restartedMain] INFO  o.s.c.s.PostProcessorRegistrationDelegate$BeanPostProcessorChecker
                -Bean 'redisConfig' of type [com.sdut.product.config.RedisConfig$$EnhancerBySpringCGLIB$$c026e524] is not eligible for getting processed by all BeanPostProcessors (for example: not eligible for auto-proxying)
2019-04-30 14:46:24.452 [restartedMain] INFO  o.s.c.s.PostProcessorRegistrationDelegate$BeanPostProcessorChecker
                -Bean 'org.springframework.transaction.annotation.ProxyTransactionManagementConfiguration' of type [org.springframework.transaction.annotation.ProxyTransactionManagementConfiguration$$EnhancerBySpringCGLIB$$4a8997de] is not eligible for getting processed by all BeanPostProcessors (for example: not eligible for auto-proxying)
2019-04-30 14:46:24.464 [restartedMain] INFO  o.s.c.s.PostProcessorRegistrationDelegate$BeanPostProcessorChecker
                -Bean 'authorizationAttributeSourceAdvisor' of type [org.apache.shiro.spring.security.interceptor.AuthorizationAttributeSourceAdvisor] is not eligible for getting processed by all BeanPostProcessors (for example: not eligible for auto-proxying)
2019-04-30 14:46:24.853 [restartedMain] INFO  o.s.b.w.e.tomcat.TomcatWebServer
                -Tomcat initialized with port(s): 8081 (http)
2019-04-30 14:46:24.869 [restartedMain] INFO  o.a.coyote.http11.Http11NioProtocol
                -Initializing ProtocolHandler ["http-nio-8081"]
2019-04-30 14:46:24.880 [restartedMain] INFO  o.a.catalina.core.StandardService
                -Starting service [Tomcat]
2019-04-30 14:46:24.881 [restartedMain] INFO  o.a.catalina.core.StandardEngine
                -Starting Servlet engine: [Apache Tomcat/9.0.16]
2019-04-30 14:46:24.890 [restartedMain] INFO  o.a.c.core.AprLifecycleListener
                -The APR based Apache Tomcat Native library which allows optimal performance in production environments was not found on the java.library.path: [C:\Program Files\Java\jdk1.8.0_131\bin;C:\WINDOWS\Sun\Java\bin;C:\WINDOWS\system32;C:\WINDOWS;D:\Java\jdk1.7.0_80\bin;C:\ProgramData\Oracle\Java\javapath;C:\WINDOWS\system32;C:\WINDOWS;C:\WINDOWS\System32\Wbem;C:\WINDOWS\System32\WindowsPowerShell\v1.0\;C:\WINDOWS\System32\OpenSSH\;D:\TortoiseSVN\bin;D:\OpenVPN\bin;D:\Java\jdk1.7.0_80\jre\bin;D:\apache-maven-3.5.4\bin;D:\nodejs\;;C:\Users\pc\AppData\Local\Programs\Microsoft VS Code\bin;C:\Users\pc\AppData\Local\Microsoft\WindowsApps;C:\Program Files (x86)\Diffuse;C:\Users\pc\AppData\Roaming\npm;.]
2019-04-30 14:46:24.990 [restartedMain] INFO  o.a.c.c.C.[Tomcat].[localhost].[/]
                -Initializing Spring embedded WebApplicationContext
2019-04-30 14:46:24.991 [restartedMain] INFO  o.s.web.context.ContextLoader
                -Root WebApplicationContext: initialization completed in 2080 ms
2019-04-30 14:46:25.509 [restartedMain] INFO  o.s.s.c.ThreadPoolTaskExecutor
                -Initializing ExecutorService 'applicationTaskExecutor'
2019-04-30 14:46:25.915 [restartedMain] INFO  o.s.b.d.a.OptionalLiveReloadServer
                -LiveReload server is running on port 35729
2019-04-30 14:46:25.952 [restartedMain] INFO  o.a.coyote.http11.Http11NioProtocol
                -Starting ProtocolHandler ["http-nio-8081"]
2019-04-30 14:46:25.977 [restartedMain] INFO  o.s.b.w.e.tomcat.TomcatWebServer
                -Tomcat started on port(s): 8081 (http) with context path ''
2019-04-30 14:46:25.980 [restartedMain] INFO  com.sdut.product.ProductApplication
                -Started ProductApplication in 3.372 seconds (JVM running for 4.391)
2019-04-30 14:46:59.873 [Thread-13] INFO  o.s.s.c.ThreadPoolTaskExecutor
                -Shutting down ExecutorService 'applicationTaskExecutor'
